<?xml version="1.0" encoding="UTF-8"?>
<!-- Generated by org.testng.reporters.JUnitXMLReporter -->
<testsuite hostname="DELL" name="Test" tests="2" failures="0" timestamp="14 Dec 2017 17:58:46 GMT" time="51.716" errors="0">
  <testcase name="@BeforeMethod preCondition" time="0.0" classname="scripts.ValidLoginLogout">
    <failure type="java.lang.NullPointerException">
      <![CDATA[java.lang.NullPointerException
	at scripts.BaseTest.preCondition(BaseTest.java:23)
... Removed 26 stack frames]]>
    </failure>
  </testcase> <!-- @BeforeMethod preCondition -->
  <testcase name="@AfterMethod postCondition" time="0.0" classname="scripts.ValidLoginLogout">
    <skipped/>
  </testcase> <!-- @AfterMethod postCondition -->
  <testcase name="testInvalidLogin" time="51.623" classname="scripts.InvalidLogin"/>
  <testcase name="testValidLoginLogout" time="0.003" classname="scripts.ValidLoginLogout">
    <skipped/>
  </testcase> <!-- testValidLoginLogout -->
</testsuite> <!-- Test -->
