<?xml version="1.0" encoding="UTF-8"?>
<!-- Generated by org.testng.reporters.JUnitXMLReporter -->
<testsuite hostname="DELL" name="Testie" tests="3" failures="0" timestamp="3 May 2016 02:40:34 GMT" time="21.886" errors="0">
  <testcase name="testValidLoginLogout" time="3.271" classname="scripts.ValidLoginLogout"/>
  <testcase name="testInvalidLogin" time="2.145" classname="scripts.InvalidLogin"/>
  <testcase name="testVerifyPopUp" time="6.206" classname="scripts.VerifyPopUp"/>
</testsuite> <!-- Testie -->
