<?xml version="1.0" encoding="UTF-8"?>
<!-- Generated by org.testng.reporters.JUnitXMLReporter -->
<testsuite hostname="DELL" name="Testff" tests="3" failures="0" timestamp="3 May 2016 02:41:01 GMT" time="48.818" errors="0">
  <testcase name="testValidLoginLogout" time="4.098" classname="scripts.ValidLoginLogout"/>
  <testcase name="testInvalidLogin" time="2.036" classname="scripts.InvalidLogin"/>
  <testcase name="testVerifyPopUp" time="4.926" classname="scripts.VerifyPopUp"/>
</testsuite> <!-- Testff -->
